<?xml version="1.0" encoding="UTF-8"?>
<!-- Generated by org.testng.reporters.JUnitReportReporter -->
<testsuite hostname="DESKTOP-DDDBMOU" failures="0" tests="1" name="TestLayer.GuruTest" time="17.400" errors="0" timestamp="2023-07-21T11:31:35 IST" skipped="0">
  <testcase classname="TestLayer.GuruTest" name="guruTest" time="17.400"/>
  <system-out/>
</testsuite> <!-- TestLayer.GuruTest -->
