<?xml version="1.0" encoding="UTF-8"?>
<!-- Generated by org.testng.reporters.JUnitReportReporter -->
<testsuite hostname="DESKTOP-DDDBMOU" failures="0" tests="10" name="TestLayer.DataDriven" time="0.064" errors="0" timestamp="2023-07-21T18:08:37 IST" skipped="0">
  <testcase classname="TestLayer.DataDriven" name="m1" time="0.003"/>
  <system-out/>
  <testcase classname="TestLayer.DataDriven" name="m1" time="0.002"/>
  <system-out/>
  <testcase classname="TestLayer.DataDriven" name="m1" time="0.002"/>
  <system-out/>
  <testcase classname="TestLayer.DataDriven" name="m1" time="0.001"/>
  <system-out/>
  <testcase classname="TestLayer.DataDriven" name="m1" time="0.002"/>
  <system-out/>
  <testcase classname="TestLayer.DataDriven" name="m1" time="0.003"/>
  <system-out/>
  <testcase classname="TestLayer.DataDriven" name="m1" time="0.003"/>
  <system-out/>
  <testcase classname="TestLayer.DataDriven" name="m1" time="0.001"/>
  <system-out/>
  <testcase classname="TestLayer.DataDriven" name="m1" time="0.002"/>
  <system-out/>
  <testcase classname="TestLayer.DataDriven" name="m1" time="0.045"/>
  <system-out/>
</testsuite> <!-- TestLayer.DataDriven -->
