<?xml version="1.0" encoding="UTF-8"?>
<!-- Generated by org.testng.reporters.JUnitReportReporter -->
<testsuite hostname="DESKTOP-DDDBMOU" failures="0" tests="10" name="TestLayer.FacebookLoginDataDriven" time="31.439" errors="0" timestamp="2023-07-20T17:51:38 IST" skipped="0">
  <testcase classname="TestLayer.FacebookLoginDataDriven" name="m1" time="4.498"/>
  <system-out/>
  <testcase classname="TestLayer.FacebookLoginDataDriven" name="m1" time="2.618"/>
  <system-out/>
  <testcase classname="TestLayer.FacebookLoginDataDriven" name="m1" time="2.725"/>
  <system-out/>
  <testcase classname="TestLayer.FacebookLoginDataDriven" name="m1" time="3.495"/>
  <system-out/>
  <testcase classname="TestLayer.FacebookLoginDataDriven" name="m1" time="3.977"/>
  <system-out/>
  <testcase classname="TestLayer.FacebookLoginDataDriven" name="m1" time="3.604"/>
  <system-out/>
  <testcase classname="TestLayer.FacebookLoginDataDriven" name="m1" time="2.328"/>
  <system-out/>
  <testcase classname="TestLayer.FacebookLoginDataDriven" name="m1" time="3.160"/>
  <system-out/>
  <testcase classname="TestLayer.FacebookLoginDataDriven" name="m1" time="2.255"/>
  <system-out/>
  <testcase classname="TestLayer.FacebookLoginDataDriven" name="m1" time="2.779"/>
  <system-out/>
</testsuite> <!-- TestLayer.FacebookLoginDataDriven -->
